<?xml version="1.0" encoding="UTF-8"?>
<!-- Generated by org.testng.reporters.JUnitXMLReporter -->
<testsuite ignored="0" hostname="Venkat" failures="0" tests="4" name="Default test" time="5.951" errors="0" timestamp="2024-01-19T17:54:39 IST">
  <testcase classname="com.petstore.api.test.UserTest" name="PostUserTest" time="2.162"/>
  <testcase classname="com.petstore.api.test.UserTest" name="PutUserTest" time="1.175"/>
  <testcase classname="com.petstore.api.test.UserTest" name="GetUserTest" time="1.394"/>
  <testcase classname="com.petstore.api.test.UserTest" name="DeleteUserTest" time="1.03"/>
</testsuite> <!-- Default test -->
