<?xml version="1.0" encoding="UTF-8"?>
<testng-results ignored="0" total="4" passed="4" failed="0" skipped="0">
  <reporter-output>
  </reporter-output>
  <suite started-at="2024-01-19T17:54:33 IST" name="Default suite" finished-at="2024-01-19T17:54:39 IST" duration-ms="5951">
    <groups>
    </groups>
    <test started-at="2024-01-19T17:54:33 IST" name="Default test" finished-at="2024-01-19T17:54:39 IST" duration-ms="5951">
      <class name="com.petstore.api.test.UserTest">
        <test-method is-config="true" signature="setup()[pri:0, instance:com.petstore.api.test.UserTest@4052274f]" started-at="2024-01-19T17:54:33 IST" name="setup" finished-at="2024-01-19T17:54:34 IST" duration-ms="109" status="PASS">
          <reporter-output>
          </reporter-output>
        </test-method> <!-- setup -->
        <test-method signature="PostUserTest()[pri:1, instance:com.petstore.api.test.UserTest@4052274f]" started-at="2024-01-19T17:54:34 IST" name="PostUserTest" finished-at="2024-01-19T17:54:36 IST" duration-ms="2162" status="PASS">
          <reporter-output>
          </reporter-output>
        </test-method> <!-- PostUserTest -->
        <test-method signature="PutUserTest()[pri:2, instance:com.petstore.api.test.UserTest@4052274f]" started-at="2024-01-19T17:54:36 IST" name="PutUserTest" finished-at="2024-01-19T17:54:37 IST" duration-ms="1175" status="PASS">
          <reporter-output>
          </reporter-output>
        </test-method> <!-- PutUserTest -->
        <test-method signature="GetUserTest()[pri:3, instance:com.petstore.api.test.UserTest@4052274f]" started-at="2024-01-19T17:54:37 IST" name="GetUserTest" finished-at="2024-01-19T17:54:38 IST" duration-ms="1394" status="PASS">
          <reporter-output>
          </reporter-output>
        </test-method> <!-- GetUserTest -->
        <test-method signature="DeleteUserTest()[pri:4, instance:com.petstore.api.test.UserTest@4052274f]" started-at="2024-01-19T17:54:38 IST" name="DeleteUserTest" finished-at="2024-01-19T17:54:39 IST" duration-ms="1030" status="PASS">
          <reporter-output>
          </reporter-output>
        </test-method> <!-- DeleteUserTest -->
      </class> <!-- com.petstore.api.test.UserTest -->
    </test> <!-- Default test -->
  </suite> <!-- Default suite -->
</testng-results>
